# JRE version: OpenJDK Runtime Environment Temurin-17.0.4.1+1 (17.0.4.1+1) (build 17.0.4.1+1)
# Java VM: OpenJDK 64-Bit Server VM Temurin-17.0.4.1+1 (17.0.4.1+1, mixed mode, tiered, compressed oops, compressed class ptrs, parallel gc, windows-amd64)
GC Precious Log:
 CPUs: 12 total, 12 available
 Memory: 11999M
 Large Page Support: Disabled
 NUMA Support: Disabled
 Compressed Oops: Enabled (32-bit)
 Alignments: Space 512K, Generation 512K, Heap 2M
 Heap Min Capacity: 100M
 Heap Initial Capacity: 100M
 Heap Max Capacity: 1G
 Pre-touch: Disabled
 Parallel Workers: 10
Heap:
 PSYoungGen      total 19456K, used 17059K [0x00000000eab00000, 0x00000000ebf00000, 0x0000000100000000)
  eden space 18432K, 92% used [0x00000000eab00000,0x00000000ebba8de0,0x00000000ebd00000)
  from space 1024K, 0% used [0x00000000ebd80000,0x00000000ebd80000,0x00000000ebe80000)
  to   space 512K, 0% used [0x00000000ebe80000,0x00000000ebe80000,0x00000000ebf00000)
 ParOldGen       total 68608K, used 33255K [0x00000000c0000000, 0x00000000c4300000, 0x00000000eab00000)
  object space 68608K, 48% used [0x00000000c0000000,0x00000000c2079df0,0x00000000c4300000)
 Metaspace       used 61256K, committed 62208K, reserved 1105920K
  class space    used 6612K, committed 7040K, reserved 1048576K
GC Heap History (20 events):
Event: 46.232 GC heap before
{Heap before GC invocations=21 (full 2):
 PSYoungGen      total 19456K, used 19456K [0x00000000eab00000, 0x00000000ec800000, 0x0000000100000000)
  eden space 18432K, 100% used [0x00000000eab00000,0x00000000ebd00000,0x00000000ebd00000)
  from space 1024K, 100% used [0x00000000ec200000,0x00000000ec300000,0x00000000ec300000)
  to   space 5120K, 0% used [0x00000000ebd00000,0x00000000ebd00000,0x00000000ec200000)
 ParOldGen       total 68608K, used 32199K [0x00000000c0000000, 0x00000000c4300000, 0x00000000eab00000)
  object space 68608K, 46% used [0x00000000c0000000,0x00000000c1f71e00,0x00000000c4300000)
 Metaspace       used 50905K, committed 51712K, reserved 1097728K
  class space    used 5583K, committed 5952K, reserved 1048576K
}
Event: 46.238 GC heap after
{Heap after GC invocations=21 (full 2):
 PSYoungGen      total 20992K, used 2176K [0x00000000eab00000, 0x00000000ec300000, 0x0000000100000000)
  eden space 18432K, 0% used [0x00000000eab00000,0x00000000eab00000,0x00000000ebd00000)
  from space 2560K, 85% used [0x00000000ebd00000,0x00000000ebf20000,0x00000000ebf80000)
  to   space 3072K, 0% used [0x00000000ec000000,0x00000000ec000000,0x00000000ec300000)
 ParOldGen       total 68608K, used 33262K [0x00000000c0000000, 0x00000000c4300000, 0x00000000eab00000)
  object space 68608K, 48% used [0x00000000c0000000,0x00000000c207b9c0,0x00000000c4300000)
 Metaspace       used 50905K, committed 51712K, reserved 1097728K
  class space    used 5583K, committed 5952K, reserved 1048576K
}
Event: 46.314 GC heap before
{Heap before GC invocations=22 (full 2):
 PSYoungGen      total 20992K, used 20608K [0x00000000eab00000, 0x00000000ec300000, 0x0000000100000000)
  eden space 18432K, 100% used [0x00000000eab00000,0x00000000ebd00000,0x00000000ebd00000)
  from space 2560K, 85% used [0x00000000ebd00000,0x00000000ebf20000,0x00000000ebf80000)
  to   space 3072K, 0% used [0x00000000ec000000,0x00000000ec000000,0x00000000ec300000)
 ParOldGen       total 68608K, used 33262K [0x00000000c0000000, 0x00000000c4300000, 0x00000000eab00000)
  object space 68608K, 48% used [0x00000000c0000000,0x00000000c207b9c0,0x00000000c4300000)
 Metaspace       used 50905K, committed 51712K, reserved 1097728K
  class space    used 5583K, committed 5952K, reserved 1048576K
}
Event: 46.320 GC heap after
{Heap after GC invocations=22 (full 2):
 PSYoungGen      total 20992K, used 2208K [0x00000000eab00000, 0x00000000ec280000, 0x0000000100000000)
  eden space 18432K, 0% used [0x00000000eab00000,0x00000000eab00000,0x00000000ebd00000)
  from space 2560K, 86% used [0x00000000ec000000,0x00000000ec228010,0x00000000ec280000)
  to   space 2560K, 0% used [0x00000000ebd00000,0x00000000ebd00000,0x00000000ebf80000)
 ParOldGen       total 68608K, used 35318K [0x00000000c0000000, 0x00000000c4300000, 0x00000000eab00000)
  object space 68608K, 51% used [0x00000000c0000000,0x00000000c227d9c0,0x00000000c4300000)
 Metaspace       used 50905K, committed 51712K, reserved 1097728K
  class space    used 5583K, committed 5952K, reserved 1048576K
}
Event: 47.163 GC heap before
{Heap before GC invocations=23 (full 2):
 PSYoungGen      total 20992K, used 20640K [0x00000000eab00000, 0x00000000ec280000, 0x0000000100000000)
  eden space 18432K, 100% used [0x00000000eab00000,0x00000000ebd00000,0x00000000ebd00000)
  from space 2560K, 86% used [0x00000000ec000000,0x00000000ec228010,0x00000000ec280000)
  to   space 2560K, 0% used [0x00000000ebd00000,0x00000000ebd00000,0x00000000ebf80000)
 ParOldGen       total 68608K, used 35318K [0x00000000c0000000, 0x00000000c4300000, 0x00000000eab00000)
  object space 68608K, 51% used [0x00000000c0000000,0x00000000c227d9c0,0x00000000c4300000)
 Metaspace       used 52380K, committed 53120K, reserved 1097728K
  class space    used 5710K, committed 6080K, reserved 1048576K
}
Event: 47.169 GC heap after
{Heap after GC invocations=23 (full 2):
 PSYoungGen      total 20480K, used 1696K [0x00000000eab00000, 0x00000000ec100000, 0x0000000100000000)
  eden space 18432K, 0% used [0x00000000eab00000,0x00000000eab00000,0x00000000ebd00000)
  from space 2048K, 82% used [0x00000000ebd00000,0x00000000ebea8000,0x00000000ebf00000)
  to   space 2048K, 0% used [0x00000000ebf00000,0x00000000ebf00000,0x00000000ec100000)
 ParOldGen       total 68608K, used 37388K [0x00000000c0000000, 0x00000000c4300000, 0x00000000eab00000)
  object space 68608K, 54% used [0x00000000c0000000,0x00000000c2483250,0x00000000c4300000)
 Metaspace       used 52380K, committed 53120K, reserved 1097728K
  class space    used 5710K, committed 6080K, reserved 1048576K
}
Event: 48.762 GC heap before
{Heap before GC invocations=24 (full 2):
 PSYoungGen      total 20480K, used 20070K [0x00000000eab00000, 0x00000000ec100000, 0x0000000100000000)
  eden space 18432K, 99% used [0x00000000eab00000,0x00000000ebcf1820,0x00000000ebd00000)
  from space 2048K, 82% used [0x00000000ebd00000,0x00000000ebea8000,0x00000000ebf00000)
  to   space 2048K, 0% used [0x00000000ebf00000,0x00000000ebf00000,0x00000000ec100000)
 ParOldGen       total 68608K, used 37388K [0x00000000c0000000, 0x00000000c4300000, 0x00000000eab00000)
  object space 68608K, 54% used [0x00000000c0000000,0x00000000c2483250,0x00000000c4300000)
 Metaspace       used 53759K, committed 54592K, reserved 1105920K
  class space    used 5898K, committed 6272K, reserved 1048576K
}
Event: 48.766 GC heap after
{Heap after GC invocations=24 (full 2):
 PSYoungGen      total 19456K, used 746K [0x00000000eab00000, 0x00000000ec000000, 0x0000000100000000)
  eden space 18432K, 0% used [0x00000000eab00000,0x00000000eab00000,0x00000000ebd00000)
  from space 1024K, 72% used [0x00000000ebf00000,0x00000000ebfbaa88,0x00000000ec000000)
  to   space 1536K, 0% used [0x00000000ebd00000,0x00000000ebd00000,0x00000000ebe80000)
 ParOldGen       total 68608K, used 38956K [0x00000000c0000000, 0x00000000c4300000, 0x00000000eab00000)
  object space 68608K, 56% used [0x00000000c0000000,0x00000000c260b250,0x00000000c4300000)
 Metaspace       used 53759K, committed 54592K, reserved 1105920K
  class space    used 5898K, committed 6272K, reserved 1048576K
}
Event: 49.843 GC heap before
{Heap before GC invocations=25 (full 2):
 PSYoungGen      total 19456K, used 19178K [0x00000000eab00000, 0x00000000ec000000, 0x0000000100000000)
  eden space 18432K, 100% used [0x00000000eab00000,0x00000000ebd00000,0x00000000ebd00000)
  from space 1024K, 72% used [0x00000000ebf00000,0x00000000ebfbaa88,0x00000000ec000000)
  to   space 1536K, 0% used [0x00000000ebd00000,0x00000000ebd00000,0x00000000ebe80000)
 ParOldGen       total 68608K, used 38956K [0x00000000c0000000, 0x00000000c4300000, 0x00000000eab00000)
  object space 68608K, 56% used [0x00000000c0000000,0x00000000c260b250,0x00000000c4300000)
 Metaspace       used 54919K, committed 55744K, reserved 1105920K
  class space    used 5994K, committed 6400K, reserved 1048576K
}
Event: 49.850 GC heap after
{Heap after GC invocations=25 (full 2):
 PSYoungGen      total 19968K, used 1434K [0x00000000eab00000, 0x00000000ec100000, 0x0000000100000000)
  eden space 18432K, 0% used [0x00000000eab00000,0x00000000eab00000,0x00000000ebd00000)
  from space 1536K, 93% used [0x00000000ebd00000,0x00000000ebe66848,0x00000000ebe80000)
  to   space 2048K, 0% used [0x00000000ebf00000,0x00000000ebf00000,0x00000000ec100000)
 ParOldGen       total 68608K, used 39589K [0x00000000c0000000, 0x00000000c4300000, 0x00000000eab00000)
  object space 68608K, 57% used [0x00000000c0000000,0x00000000c26a9758,0x00000000c4300000)
 Metaspace       used 54919K, committed 55744K, reserved 1105920K
  class space    used 5994K, committed 6400K, reserved 1048576K
}
Event: 50.030 GC heap before
{Heap before GC invocations=26 (full 2):
 PSYoungGen      total 19968K, used 19866K [0x00000000eab00000, 0x00000000ec100000, 0x0000000100000000)
  eden space 18432K, 100% used [0x00000000eab00000,0x00000000ebd00000,0x00000000ebd00000)
  from space 1536K, 93% used [0x00000000ebd00000,0x00000000ebe66848,0x00000000ebe80000)
  to   space 2048K, 0% used [0x00000000ebf00000,0x00000000ebf00000,0x00000000ec100000)
 ParOldGen       total 68608K, used 39589K [0x00000000c0000000, 0x00000000c4300000, 0x00000000eab00000)
  object space 68608K, 57% used [0x00000000c0000000,0x00000000c26a9758,0x00000000c4300000)
 Metaspace       used 54946K, committed 55744K, reserved 1105920K
  class space    used 5994K, committed 6400K, reserved 1048576K
}
Event: 50.035 GC heap after
{Heap after GC invocations=26 (full 2):
 PSYoungGen      total 19456K, used 892K [0x00000000eab00000, 0x00000000ec000000, 0x0000000100000000)
  eden space 18432K, 0% used [0x00000000eab00000,0x00000000eab00000,0x00000000ebd00000)
  from space 1024K, 87% used [0x00000000ebf00000,0x00000000ebfdf250,0x00000000ec000000)
  to   space 1536K, 0% used [0x00000000ebd00000,0x00000000ebd00000,0x00000000ebe80000)
 ParOldGen       total 68608K, used 40310K [0x00000000c0000000, 0x00000000c4300000, 0x00000000eab00000)
  object space 68608K, 58% used [0x00000000c0000000,0x00000000c275d998,0x00000000c4300000)
 Metaspace       used 54946K, committed 55744K, reserved 1105920K
  class space    used 5994K, committed 6400K, reserved 1048576K
}
Event: 50.892 GC heap before
{Heap before GC invocations=27 (full 2):
 PSYoungGen      total 19456K, used 19324K [0x00000000eab00000, 0x00000000ec000000, 0x0000000100000000)
  eden space 18432K, 100% used [0x00000000eab00000,0x00000000ebd00000,0x00000000ebd00000)
  from space 1024K, 87% used [0x00000000ebf00000,0x00000000ebfdf250,0x00000000ec000000)
  to   space 1536K, 0% used [0x00000000ebd00000,0x00000000ebd00000,0x00000000ebe80000)
 ParOldGen       total 68608K, used 40310K [0x00000000c0000000, 0x00000000c4300000, 0x00000000eab00000)
  object space 68608K, 58% used [0x00000000c0000000,0x00000000c275d998,0x00000000c4300000)
 Metaspace       used 56851K, committed 57792K, reserved 1105920K
  class space    used 6169K, committed 6592K, reserved 1048576K
}
Event: 50.896 GC heap after
{Heap after GC invocations=27 (full 2):
 PSYoungGen      total 19968K, used 544K [0x00000000eab00000, 0x00000000ebf80000, 0x0000000100000000)
  eden space 18432K, 0% used [0x00000000eab00000,0x00000000eab00000,0x00000000ebd00000)
  from space 1536K, 35% used [0x00000000ebd00000,0x00000000ebd88000,0x00000000ebe80000)
  to   space 1024K, 0% used [0x00000000ebe80000,0x00000000ebe80000,0x00000000ebf80000)
 ParOldGen       total 68608K, used 40326K [0x00000000c0000000, 0x00000000c4300000, 0x00000000eab00000)
  object space 68608K, 58% used [0x00000000c0000000,0x00000000c2761998,0x00000000c4300000)
 Metaspace       used 56851K, committed 57792K, reserved 1105920K
  class space    used 6169K, committed 6592K, reserved 1048576K
}
Event: 51.386 GC heap before
{Heap before GC invocations=28 (full 2):
 PSYoungGen      total 19968K, used 18916K [0x00000000eab00000, 0x00000000ebf80000, 0x0000000100000000)
  eden space 18432K, 99% used [0x00000000eab00000,0x00000000ebcf1330,0x00000000ebd00000)
  from space 1536K, 35% used [0x00000000ebd00000,0x00000000ebd88000,0x00000000ebe80000)
  to   space 1024K, 0% used [0x00000000ebe80000,0x00000000ebe80000,0x00000000ebf80000)
 ParOldGen       total 68608K, used 40326K [0x00000000c0000000, 0x00000000c4300000, 0x00000000eab00000)
  object space 68608K, 58% used [0x00000000c0000000,0x00000000c2761998,0x00000000c4300000)
 Metaspace       used 57494K, committed 58368K, reserved 1105920K
  class space    used 6226K, committed 6592K, reserved 1048576K
}
Event: 51.389 GC heap after
{Heap after GC invocations=28 (full 2):
 PSYoungGen      total 19456K, used 633K [0x00000000eab00000, 0x00000000ebf80000, 0x0000000100000000)
  eden space 18432K, 0% used [0x00000000eab00000,0x00000000eab00000,0x00000000ebd00000)
  from space 1024K, 61% used [0x00000000ebe80000,0x00000000ebf1e470,0x00000000ebf80000)
  to   space 1024K, 0% used [0x00000000ebd80000,0x00000000ebd80000,0x00000000ebe80000)
 ParOldGen       total 68608K, used 40711K [0x00000000c0000000, 0x00000000c4300000, 0x00000000eab00000)
  object space 68608K, 59% used [0x00000000c0000000,0x00000000c27c1c78,0x00000000c4300000)
 Metaspace       used 57494K, committed 58368K, reserved 1105920K
  class space    used 6226K, committed 6592K, reserved 1048576K
}
Event: 51.976 GC heap before
{Heap before GC invocations=29 (full 2):
 PSYoungGen      total 19456K, used 9415K [0x00000000eab00000, 0x00000000ebf80000, 0x0000000100000000)
  eden space 18432K, 47% used [0x00000000eab00000,0x00000000eb393990,0x00000000ebd00000)
  from space 1024K, 61% used [0x00000000ebe80000,0x00000000ebf1e470,0x00000000ebf80000)
  to   space 1024K, 0% used [0x00000000ebd80000,0x00000000ebd80000,0x00000000ebe80000)
 ParOldGen       total 68608K, used 40711K [0x00000000c0000000, 0x00000000c4300000, 0x00000000eab00000)
  object space 68608K, 59% used [0x00000000c0000000,0x00000000c27c1c78,0x00000000c4300000)
 Metaspace       used 58873K, committed 59776K, reserved 1105920K
  class space    used 6391K, committed 6784K, reserved 1048576K
}
Event: 51.979 GC heap after
{Heap after GC invocations=29 (full 2):
 PSYoungGen      total 19456K, used 424K [0x00000000eab00000, 0x00000000ebf00000, 0x0000000100000000)
  eden space 18432K, 0% used [0x00000000eab00000,0x00000000eab00000,0x00000000ebd00000)
  from space 1024K, 41% used [0x00000000ebd80000,0x00000000ebdea0b8,0x00000000ebe80000)
  to   space 512K, 0% used [0x00000000ebe80000,0x00000000ebe80000,0x00000000ebf00000)
 ParOldGen       total 68608K, used 41141K [0x00000000c0000000, 0x00000000c4300000, 0x00000000eab00000)
  object space 68608K, 59% used [0x00000000c0000000,0x00000000c282d440,0x00000000c4300000)
 Metaspace       used 58873K, committed 59776K, reserved 1105920K
  class space    used 6391K, committed 6784K, reserved 1048576K
}
Event: 51.979 GC heap before
{Heap before GC invocations=30 (full 3):
 PSYoungGen      total 19456K, used 424K [0x00000000eab00000, 0x00000000ebf00000, 0x0000000100000000)
  eden space 18432K, 0% used [0x00000000eab00000,0x00000000eab00000,0x00000000ebd00000)
  from space 1024K, 41% used [0x00000000ebd80000,0x00000000ebdea0b8,0x00000000ebe80000)
  to   space 512K, 0% used [0x00000000ebe80000,0x00000000ebe80000,0x00000000ebf00000)
 ParOldGen       total 68608K, used 41141K [0x00000000c0000000, 0x00000000c4300000, 0x00000000eab00000)
  object space 68608K, 59% used [0x00000000c0000000,0x00000000c282d440,0x00000000c4300000)
 Metaspace       used 58873K, committed 59776K, reserved 1105920K
  class space    used 6391K, committed 6784K, reserved 1048576K
}
Event: 52.090 GC heap after
{Heap after GC invocations=30 (full 3):
 PSYoungGen      total 19456K, used 0K [0x00000000eab00000, 0x00000000ebf00000, 0x0000000100000000)
  eden space 18432K, 0% used [0x00000000eab00000,0x00000000eab00000,0x00000000ebd00000)
  from space 1024K, 0% used [0x00000000ebd80000,0x00000000ebd80000,0x00000000ebe80000)
  to   space 512K, 0% used [0x00000000ebe80000,0x00000000ebe80000,0x00000000ebf00000)
 ParOldGen       total 68608K, used 33255K [0x00000000c0000000, 0x00000000c4300000, 0x00000000eab00000)
  object space 68608K, 48% used [0x00000000c0000000,0x00000000c2079df0,0x00000000c4300000)
 Metaspace       used 58873K, committed 59776K, reserved 1105920K
  class space    used 6391K, committed 6784K, reserved 1048576K
}

